[0.043s] Invoking command in '/home/ubuntu/dev_ws/src/slam-bot/build/slam_bot': CMAKE_PREFIX_PATH=/opt/ros/foxy /usr/bin/cmake /home/ubuntu/dev_ws/src/slam-bot -DCMAKE_INSTALL_PREFIX=/home/ubuntu/dev_ws/src/slam-bot/install/slam_bot
[0.105s] -- Found ament_cmake: 0.9.12 (/opt/ros/foxy/share/ament_cmake/cmake)
[0.198s] -- Using PYTHON_EXECUTABLE: /usr/bin/python3
[0.994s] -- Found ament_lint_auto: 0.9.8 (/opt/ros/foxy/share/ament_lint_auto/cmake)
[1.359s] -- Added test 'copyright' to check source files copyright and LICENSE
[1.430s] -- Added test 'cppcheck' to perform static code analysis on C / C++ code
[1.431s] -- Configured cppcheck include dirs: 
[1.431s] -- Configured cppcheck exclude dirs and/or files: 
[1.501s] -- Added test 'cpplint' to check C / C++ code against the Google style
[1.502s] -- Configured cpplint exclude dirs and/or files: 
[1.512s] -- Added test 'flake8' to check Python code syntax and style conventions
[1.532s] -- Added test 'lint_cmake' to check CMake code style
[1.543s] -- Added test 'pep257' to check Python code against some of the style conventions in PEP 257
[1.617s] -- Added test 'uncrustify' to check C / C++ code style
[1.617s] -- Configured uncrustify additional arguments: 
[1.628s] -- Added test 'xmllint' to check XML markup files
[1.638s] -- Configuring done
[1.648s] -- Generating done
[1.652s] -- Build files have been written to: /home/ubuntu/dev_ws/src/slam-bot/build/slam_bot
[1.659s] Invoked command in '/home/ubuntu/dev_ws/src/slam-bot/build/slam_bot' returned '0': CMAKE_PREFIX_PATH=/opt/ros/foxy /usr/bin/cmake /home/ubuntu/dev_ws/src/slam-bot -DCMAKE_INSTALL_PREFIX=/home/ubuntu/dev_ws/src/slam-bot/install/slam_bot
[1.668s] Invoking command in '/home/ubuntu/dev_ws/src/slam-bot/build/slam_bot': CMAKE_PREFIX_PATH=/opt/ros/foxy /usr/bin/cmake --build /home/ubuntu/dev_ws/src/slam-bot/build/slam_bot -- -j4 -l4
[1.815s] Invoked command in '/home/ubuntu/dev_ws/src/slam-bot/build/slam_bot' returned '0': CMAKE_PREFIX_PATH=/opt/ros/foxy /usr/bin/cmake --build /home/ubuntu/dev_ws/src/slam-bot/build/slam_bot -- -j4 -l4
[1.962s] Invoking command in '/home/ubuntu/dev_ws/src/slam-bot/build/slam_bot': CMAKE_PREFIX_PATH=/opt/ros/foxy /usr/bin/cmake --install /home/ubuntu/dev_ws/src/slam-bot/build/slam_bot
[1.993s] -- Install configuration: ""
[1.994s] -- Installing: /home/ubuntu/dev_ws/src/slam-bot/install/slam_bot/share/slam_bot/config
[1.994s] -- Installing: /home/ubuntu/dev_ws/src/slam-bot/install/slam_bot/share/slam_bot/config/empty.yaml
[1.995s] -- Installing: /home/ubuntu/dev_ws/src/slam-bot/install/slam_bot/share/slam_bot/description
[1.995s] -- Installing: /home/ubuntu/dev_ws/src/slam-bot/install/slam_bot/share/slam_bot/description/robot.urdf.xacro
[1.996s] -- Installing: /home/ubuntu/dev_ws/src/slam-bot/install/slam_bot/share/slam_bot/launch
[1.996s] -- Installing: /home/ubuntu/dev_ws/src/slam-bot/install/slam_bot/share/slam_bot/launch/rsp.launch.py
[1.997s] -- Installing: /home/ubuntu/dev_ws/src/slam-bot/install/slam_bot/share/slam_bot/worlds
[1.997s] -- Installing: /home/ubuntu/dev_ws/src/slam-bot/install/slam_bot/share/slam_bot/worlds/empty.world
[1.999s] -- Installing: /home/ubuntu/dev_ws/src/slam-bot/install/slam_bot/share/ament_index/resource_index/package_run_dependencies/slam_bot
[2.000s] -- Installing: /home/ubuntu/dev_ws/src/slam-bot/install/slam_bot/share/ament_index/resource_index/parent_prefix_path/slam_bot
[2.002s] -- Installing: /home/ubuntu/dev_ws/src/slam-bot/install/slam_bot/share/slam_bot/environment/ament_prefix_path.sh
[2.003s] -- Installing: /home/ubuntu/dev_ws/src/slam-bot/install/slam_bot/share/slam_bot/environment/ament_prefix_path.dsv
[2.004s] -- Installing: /home/ubuntu/dev_ws/src/slam-bot/install/slam_bot/share/slam_bot/environment/path.sh
[2.005s] -- Installing: /home/ubuntu/dev_ws/src/slam-bot/install/slam_bot/share/slam_bot/environment/path.dsv
[2.006s] -- Installing: /home/ubuntu/dev_ws/src/slam-bot/install/slam_bot/share/slam_bot/local_setup.bash
[2.007s] -- Installing: /home/ubuntu/dev_ws/src/slam-bot/install/slam_bot/share/slam_bot/local_setup.sh
[2.008s] -- Installing: /home/ubuntu/dev_ws/src/slam-bot/install/slam_bot/share/slam_bot/local_setup.zsh
[2.009s] -- Installing: /home/ubuntu/dev_ws/src/slam-bot/install/slam_bot/share/slam_bot/local_setup.dsv
[2.010s] -- Installing: /home/ubuntu/dev_ws/src/slam-bot/install/slam_bot/share/slam_bot/package.dsv
[2.011s] -- Installing: /home/ubuntu/dev_ws/src/slam-bot/install/slam_bot/share/ament_index/resource_index/packages/slam_bot
[2.012s] -- Installing: /home/ubuntu/dev_ws/src/slam-bot/install/slam_bot/share/slam_bot/cmake/slam_botConfig.cmake
[2.013s] -- Installing: /home/ubuntu/dev_ws/src/slam-bot/install/slam_bot/share/slam_bot/cmake/slam_botConfig-version.cmake
[2.014s] -- Installing: /home/ubuntu/dev_ws/src/slam-bot/install/slam_bot/share/slam_bot/package.xml
[2.020s] Invoked command in '/home/ubuntu/dev_ws/src/slam-bot/build/slam_bot' returned '0': CMAKE_PREFIX_PATH=/opt/ros/foxy /usr/bin/cmake --install /home/ubuntu/dev_ws/src/slam-bot/build/slam_bot
