[0.043s] Invoking command in '/home/ubuntu/dev_ws/src/slam-bot/build/slam_bot': CMAKE_PREFIX_PATH=/opt/ros/foxy /usr/bin/cmake /home/ubuntu/dev_ws/src/slam-bot -DAMENT_CMAKE_SYMLINK_INSTALL=1 -DCMAKE_INSTALL_PREFIX=/home/ubuntu/dev_ws/src/slam-bot/install/slam_bot
[0.100s] -- Found ament_cmake: 0.9.12 (/opt/ros/foxy/share/ament_cmake/cmake)
[0.194s] -- Using PYTHON_EXECUTABLE: /usr/bin/python3
[0.959s] -- Override CMake install command with custom implementation using symlinks instead of copying resources
[0.989s] -- Found ament_lint_auto: 0.9.8 (/opt/ros/foxy/share/ament_lint_auto/cmake)
[1.250s] -- Added test 'copyright' to check source files copyright and LICENSE
[1.363s] -- Added test 'cppcheck' to perform static code analysis on C / C++ code
[1.364s] -- Configured cppcheck include dirs: 
[1.364s] -- Configured cppcheck exclude dirs and/or files: 
[1.476s] -- Added test 'cpplint' to check C / C++ code against the Google style
[1.477s] -- Configured cpplint exclude dirs and/or files: 
[1.492s] -- Added test 'flake8' to check Python code syntax and style conventions
[1.521s] -- Added test 'lint_cmake' to check CMake code style
[1.537s] -- Added test 'pep257' to check Python code against some of the style conventions in PEP 257
[1.649s] -- Added test 'uncrustify' to check C / C++ code style
[1.649s] -- Configured uncrustify additional arguments: 
[1.664s] -- Added test 'xmllint' to check XML markup files
[1.674s] -- Configuring done
[1.684s] -- Generating done
[1.689s] -- Build files have been written to: /home/ubuntu/dev_ws/src/slam-bot/build/slam_bot
[1.696s] Invoked command in '/home/ubuntu/dev_ws/src/slam-bot/build/slam_bot' returned '0': CMAKE_PREFIX_PATH=/opt/ros/foxy /usr/bin/cmake /home/ubuntu/dev_ws/src/slam-bot -DAMENT_CMAKE_SYMLINK_INSTALL=1 -DCMAKE_INSTALL_PREFIX=/home/ubuntu/dev_ws/src/slam-bot/install/slam_bot
[1.706s] Invoking command in '/home/ubuntu/dev_ws/src/slam-bot/build/slam_bot': CMAKE_PREFIX_PATH=/opt/ros/foxy /usr/bin/cmake --build /home/ubuntu/dev_ws/src/slam-bot/build/slam_bot -- -j4 -l4
[1.857s] Invoked command in '/home/ubuntu/dev_ws/src/slam-bot/build/slam_bot' returned '0': CMAKE_PREFIX_PATH=/opt/ros/foxy /usr/bin/cmake --build /home/ubuntu/dev_ws/src/slam-bot/build/slam_bot -- -j4 -l4
[2.006s] Invoking command in '/home/ubuntu/dev_ws/src/slam-bot/build/slam_bot': CMAKE_PREFIX_PATH=/opt/ros/foxy /usr/bin/cmake --install /home/ubuntu/dev_ws/src/slam-bot/build/slam_bot
[2.037s] -- Install configuration: ""
[2.038s] -- Execute custom install script
[2.040s] -- Symlinking: /home/ubuntu/dev_ws/src/slam-bot/install/slam_bot/share/slam_bot/config/empty.yaml
[2.074s] -- Symlinking: /home/ubuntu/dev_ws/src/slam-bot/install/slam_bot/share/slam_bot/description/robot.urdf.xacro
[2.107s] -- Symlinking: /home/ubuntu/dev_ws/src/slam-bot/install/slam_bot/share/slam_bot/launch/rsp.launch.py
[2.140s] -- Symlinking: /home/ubuntu/dev_ws/src/slam-bot/install/slam_bot/share/slam_bot/worlds/empty.world
[2.172s] -- Symlinking: /home/ubuntu/dev_ws/src/slam-bot/install/slam_bot/share/ament_index/resource_index/package_run_dependencies/slam_bot
[2.205s] -- Symlinking: /home/ubuntu/dev_ws/src/slam-bot/install/slam_bot/share/ament_index/resource_index/parent_prefix_path/slam_bot
[2.238s] -- Symlinking: /home/ubuntu/dev_ws/src/slam-bot/install/slam_bot/share/slam_bot/environment/ament_prefix_path.sh
[2.271s] -- Symlinking: /home/ubuntu/dev_ws/src/slam-bot/install/slam_bot/share/slam_bot/environment/ament_prefix_path.dsv
[2.303s] -- Symlinking: /home/ubuntu/dev_ws/src/slam-bot/install/slam_bot/share/slam_bot/environment/path.sh
[2.335s] -- Symlinking: /home/ubuntu/dev_ws/src/slam-bot/install/slam_bot/share/slam_bot/environment/path.dsv
[2.367s] -- Symlinking: /home/ubuntu/dev_ws/src/slam-bot/install/slam_bot/share/slam_bot/local_setup.bash
[2.400s] -- Symlinking: /home/ubuntu/dev_ws/src/slam-bot/install/slam_bot/share/slam_bot/local_setup.sh
[2.433s] -- Symlinking: /home/ubuntu/dev_ws/src/slam-bot/install/slam_bot/share/slam_bot/local_setup.zsh
[2.465s] -- Symlinking: /home/ubuntu/dev_ws/src/slam-bot/install/slam_bot/share/slam_bot/local_setup.dsv
[2.498s] -- Symlinking: /home/ubuntu/dev_ws/src/slam-bot/install/slam_bot/share/slam_bot/package.dsv
[2.531s] -- Symlinking: /home/ubuntu/dev_ws/src/slam-bot/install/slam_bot/share/ament_index/resource_index/packages/slam_bot
[2.563s] -- Symlinking: /home/ubuntu/dev_ws/src/slam-bot/install/slam_bot/share/slam_bot/cmake/slam_botConfig.cmake
[2.595s] -- Symlinking: /home/ubuntu/dev_ws/src/slam-bot/install/slam_bot/share/slam_bot/cmake/slam_botConfig-version.cmake
[2.628s] -- Symlinking: /home/ubuntu/dev_ws/src/slam-bot/install/slam_bot/share/slam_bot/package.xml
[2.665s] Invoked command in '/home/ubuntu/dev_ws/src/slam-bot/build/slam_bot' returned '0': CMAKE_PREFIX_PATH=/opt/ros/foxy /usr/bin/cmake --install /home/ubuntu/dev_ws/src/slam-bot/build/slam_bot
