[0.803s] DEBUG:colcon:Command line arguments: ['/usr/bin/colcon', 'build', '--symlink-install']
[0.803s] DEBUG:colcon:Parsed command line arguments: Namespace(allow_overriding=[], ament_cmake_args=None, base_paths=['.'], build_base='build', catkin_cmake_args=None, catkin_skip_building_tests=False, cmake_args=None, cmake_clean_cache=False, cmake_clean_first=False, cmake_force_configure=False, cmake_target=None, cmake_target_skip_unavailable=False, continue_on_error=False, event_handlers=None, executor='parallel', ignore_user_meta=False, install_base='install', log_base=None, log_level=None, main=<bound method BuildVerb.main of <colcon_core.verb.build.BuildVerb object at 0xffff8df61bb0>>, merge_install=False, metas=['./colcon.meta'], mixin=None, mixin_files=None, mixin_verb=('build',), packages_above=None, packages_above_and_dependencies=None, packages_above_depth=None, packages_end=None, packages_ignore=None, packages_ignore_regex=None, packages_select=None, packages_select_build_failed=False, packages_select_by_dep=None, packages_select_regex=None, packages_select_test_failures=False, packages_skip=None, packages_skip_build_finished=False, packages_skip_by_dep=None, packages_skip_regex=None, packages_skip_test_passed=False, packages_skip_up_to=None, packages_start=None, packages_up_to=None, packages_up_to_regex=None, parallel_workers=4, paths=None, symlink_install=True, test_result_base=None, verb_extension=<colcon_core.verb.build.BuildVerb object at 0xffff8df61bb0>, verb_name='build', verb_parser=<colcon_mixin.mixin.mixin_argument.MixinArgumentDecorator object at 0xffff8de09eb0>)
[1.516s] Level 1:colcon.colcon_core.package_discovery:discover_packages(colcon_meta) check parameters
[1.517s] Level 1:colcon.colcon_core.package_discovery:discover_packages(recursive) check parameters
[1.517s] Level 1:colcon.colcon_core.package_discovery:discover_packages(ignore) check parameters
[1.517s] Level 1:colcon.colcon_core.package_discovery:discover_packages(path) check parameters
[1.517s] Level 1:colcon.colcon_core.package_discovery:discover_packages(colcon_meta) discover
[1.518s] Level 1:colcon.colcon_core.package_discovery:discover_packages(recursive) discover
[1.518s] INFO:colcon.colcon_core.package_discovery:Crawling recursively for packages in '/home/ubuntu/dev_ws/src/slam-bot'
[1.518s] Level 1:colcon.colcon_core.package_identification:_identify(.) by extensions ['ignore', 'ignore_ament_install']
[1.519s] Level 1:colcon.colcon_core.package_identification:_identify(.) by extension 'ignore'
[1.520s] Level 1:colcon.colcon_core.package_identification:_identify(.) by extension 'ignore_ament_install'
[1.520s] Level 1:colcon.colcon_core.package_identification:_identify(.) by extensions ['colcon_pkg']
[1.520s] Level 1:colcon.colcon_core.package_identification:_identify(.) by extension 'colcon_pkg'
[1.520s] Level 1:colcon.colcon_core.package_identification:_identify(.) by extensions ['colcon_meta']
[1.520s] Level 1:colcon.colcon_core.package_identification:_identify(.) by extension 'colcon_meta'
[1.521s] Level 1:colcon.colcon_core.package_identification:_identify(.) by extensions ['ros']
[1.521s] Level 1:colcon.colcon_core.package_identification:_identify(.) by extension 'ros'
[1.573s] DEBUG:colcon.colcon_core.package_identification:Package '.' with type 'ros.ament_cmake' and name 'slam_bot'
[1.573s] Level 1:colcon.colcon_core.package_discovery:discover_packages(recursive) using defaults
[1.573s] Level 1:colcon.colcon_core.package_discovery:discover_packages(ignore) discover
[1.574s] Level 1:colcon.colcon_core.package_discovery:discover_packages(ignore) using defaults
[1.574s] Level 1:colcon.colcon_core.package_discovery:discover_packages(path) discover
[1.574s] Level 1:colcon.colcon_core.package_discovery:discover_packages(path) using defaults
[1.634s] Level 1:colcon.colcon_core.package_discovery:discover_packages(prefix_path) check parameters
[1.634s] Level 1:colcon.colcon_core.package_discovery:discover_packages(prefix_path) discover
[1.682s] DEBUG:colcon.colcon_installed_package_information.package_discovery:Found 259 installed packages in /opt/ros/foxy
[1.689s] Level 1:colcon.colcon_core.package_discovery:discover_packages(prefix_path) using defaults
[2.018s] Level 5:colcon.colcon_core.verb:set package 'slam_bot' build argument 'cmake_args' from command line to 'None'
[2.018s] Level 5:colcon.colcon_core.verb:set package 'slam_bot' build argument 'cmake_target' from command line to 'None'
[2.018s] Level 5:colcon.colcon_core.verb:set package 'slam_bot' build argument 'cmake_target_skip_unavailable' from command line to 'False'
[2.019s] Level 5:colcon.colcon_core.verb:set package 'slam_bot' build argument 'cmake_clean_cache' from command line to 'False'
[2.019s] Level 5:colcon.colcon_core.verb:set package 'slam_bot' build argument 'cmake_clean_first' from command line to 'False'
[2.019s] Level 5:colcon.colcon_core.verb:set package 'slam_bot' build argument 'cmake_force_configure' from command line to 'False'
[2.019s] Level 5:colcon.colcon_core.verb:set package 'slam_bot' build argument 'ament_cmake_args' from command line to 'None'
[2.019s] Level 5:colcon.colcon_core.verb:set package 'slam_bot' build argument 'catkin_cmake_args' from command line to 'None'
[2.019s] Level 5:colcon.colcon_core.verb:set package 'slam_bot' build argument 'catkin_skip_building_tests' from command line to 'False'
[2.019s] DEBUG:colcon.colcon_core.verb:Building package 'slam_bot' with the following arguments: {'ament_cmake_args': None, 'build_base': '/home/ubuntu/dev_ws/src/slam-bot/build/slam_bot', 'catkin_cmake_args': None, 'catkin_skip_building_tests': False, 'cmake_args': None, 'cmake_clean_cache': False, 'cmake_clean_first': False, 'cmake_force_configure': False, 'cmake_target': None, 'cmake_target_skip_unavailable': False, 'install_base': '/home/ubuntu/dev_ws/src/slam-bot/install/slam_bot', 'merge_install': False, 'path': '/home/ubuntu/dev_ws/src/slam-bot', 'symlink_install': True, 'test_result_base': None}
[2.020s] INFO:colcon.colcon_core.executor:Executing jobs using 'parallel' executor
[2.023s] DEBUG:colcon.colcon_parallel_executor.executor.parallel:run_until_complete
[2.024s] INFO:colcon.colcon_ros.task.ament_cmake.build:Building ROS package in '/home/ubuntu/dev_ws/src/slam-bot' with build type 'ament_cmake'
[2.025s] INFO:colcon.colcon_cmake.task.cmake.build:Building CMake package in '/home/ubuntu/dev_ws/src/slam-bot'
[2.032s] INFO:colcon.colcon_core.plugin_system:Skipping extension 'colcon_core.shell.bat': Not used on non-Windows systems
[2.033s] INFO:colcon.colcon_core.shell:Skip shell extension 'powershell' for command environment: Not usable outside of PowerShell
[2.033s] DEBUG:colcon.colcon_core.shell:Skip shell extension 'dsv' for command environment
[2.069s] DEBUG:colcon.colcon_core.event_handler.log_command:Invoking command in '/home/ubuntu/dev_ws/src/slam-bot/build/slam_bot': CMAKE_PREFIX_PATH=/opt/ros/foxy /usr/bin/cmake /home/ubuntu/dev_ws/src/slam-bot -DAMENT_CMAKE_SYMLINK_INSTALL=1 -DCMAKE_INSTALL_PREFIX=/home/ubuntu/dev_ws/src/slam-bot/install/slam_bot
[3.722s] DEBUG:colcon.colcon_core.event_handler.log_command:Invoked command in '/home/ubuntu/dev_ws/src/slam-bot/build/slam_bot' returned '0': CMAKE_PREFIX_PATH=/opt/ros/foxy /usr/bin/cmake /home/ubuntu/dev_ws/src/slam-bot -DAMENT_CMAKE_SYMLINK_INSTALL=1 -DCMAKE_INSTALL_PREFIX=/home/ubuntu/dev_ws/src/slam-bot/install/slam_bot
[3.733s] DEBUG:colcon.colcon_core.event_handler.log_command:Invoking command in '/home/ubuntu/dev_ws/src/slam-bot/build/slam_bot': CMAKE_PREFIX_PATH=/opt/ros/foxy /usr/bin/cmake --build /home/ubuntu/dev_ws/src/slam-bot/build/slam_bot -- -j4 -l4
[3.882s] DEBUG:colcon.colcon_core.event_handler.log_command:Invoked command in '/home/ubuntu/dev_ws/src/slam-bot/build/slam_bot' returned '0': CMAKE_PREFIX_PATH=/opt/ros/foxy /usr/bin/cmake --build /home/ubuntu/dev_ws/src/slam-bot/build/slam_bot -- -j4 -l4
[4.031s] DEBUG:colcon.colcon_core.event_handler.log_command:Invoking command in '/home/ubuntu/dev_ws/src/slam-bot/build/slam_bot': CMAKE_PREFIX_PATH=/opt/ros/foxy /usr/bin/cmake --install /home/ubuntu/dev_ws/src/slam-bot/build/slam_bot
[4.689s] Level 1:colcon.colcon_core.environment:create_environment_scripts_only(slam_bot)
[4.690s] DEBUG:colcon.colcon_core.event_handler.log_command:Invoked command in '/home/ubuntu/dev_ws/src/slam-bot/build/slam_bot' returned '0': CMAKE_PREFIX_PATH=/opt/ros/foxy /usr/bin/cmake --install /home/ubuntu/dev_ws/src/slam-bot/build/slam_bot
[4.700s] Level 1:colcon.colcon_core.environment:checking '/home/ubuntu/dev_ws/src/slam-bot/install/slam_bot' for CMake module files
[4.704s] Level 1:colcon.colcon_core.environment:checking '/home/ubuntu/dev_ws/src/slam-bot/install/slam_bot' for CMake config files
[4.707s] Level 1:colcon.colcon_core.shell:create_environment_hook('slam_bot', 'cmake_prefix_path')
[4.708s] INFO:colcon.colcon_core.shell:Creating environment hook '/home/ubuntu/dev_ws/src/slam-bot/install/slam_bot/share/slam_bot/hook/cmake_prefix_path.ps1'
[4.711s] INFO:colcon.colcon_core.shell:Creating environment descriptor '/home/ubuntu/dev_ws/src/slam-bot/install/slam_bot/share/slam_bot/hook/cmake_prefix_path.dsv'
[4.713s] INFO:colcon.colcon_core.shell:Creating environment hook '/home/ubuntu/dev_ws/src/slam-bot/install/slam_bot/share/slam_bot/hook/cmake_prefix_path.sh'
[4.716s] Level 1:colcon.colcon_core.environment:checking '/home/ubuntu/dev_ws/src/slam-bot/install/slam_bot/bin'
[4.717s] Level 1:colcon.colcon_core.environment:checking '/home/ubuntu/dev_ws/src/slam-bot/install/slam_bot/lib/pkgconfig/slam_bot.pc'
[4.718s] Level 1:colcon.colcon_core.environment:checking '/home/ubuntu/dev_ws/src/slam-bot/install/slam_bot/lib/python3.8/site-packages'
[4.718s] Level 1:colcon.colcon_core.environment:checking '/home/ubuntu/dev_ws/src/slam-bot/install/slam_bot/bin'
[4.720s] INFO:colcon.colcon_core.shell:Creating package script '/home/ubuntu/dev_ws/src/slam-bot/install/slam_bot/share/slam_bot/package.ps1'
[4.723s] INFO:colcon.colcon_core.shell:Creating package descriptor '/home/ubuntu/dev_ws/src/slam-bot/install/slam_bot/share/slam_bot/package.dsv'
[4.725s] INFO:colcon.colcon_core.shell:Creating package script '/home/ubuntu/dev_ws/src/slam-bot/install/slam_bot/share/slam_bot/package.sh'
[4.728s] INFO:colcon.colcon_core.shell:Creating package script '/home/ubuntu/dev_ws/src/slam-bot/install/slam_bot/share/slam_bot/package.bash'
[4.731s] INFO:colcon.colcon_core.shell:Creating package script '/home/ubuntu/dev_ws/src/slam-bot/install/slam_bot/share/slam_bot/package.zsh'
[4.733s] Level 1:colcon.colcon_core.environment:create_file_with_runtime_dependencies(/home/ubuntu/dev_ws/src/slam-bot/install/slam_bot/share/colcon-core/packages/slam_bot)
[4.827s] Level 1:colcon.colcon_core.environment:create_environment_scripts_only(slam_bot)
[4.829s] Level 1:colcon.colcon_core.environment:checking '/home/ubuntu/dev_ws/src/slam-bot/install/slam_bot' for CMake module files
[4.833s] Level 1:colcon.colcon_core.environment:checking '/home/ubuntu/dev_ws/src/slam-bot/install/slam_bot' for CMake config files
[4.837s] Level 1:colcon.colcon_core.shell:create_environment_hook('slam_bot', 'cmake_prefix_path')
[4.838s] INFO:colcon.colcon_core.shell:Creating environment hook '/home/ubuntu/dev_ws/src/slam-bot/install/slam_bot/share/slam_bot/hook/cmake_prefix_path.ps1'
[4.840s] INFO:colcon.colcon_core.shell:Creating environment descriptor '/home/ubuntu/dev_ws/src/slam-bot/install/slam_bot/share/slam_bot/hook/cmake_prefix_path.dsv'
[4.843s] INFO:colcon.colcon_core.shell:Creating environment hook '/home/ubuntu/dev_ws/src/slam-bot/install/slam_bot/share/slam_bot/hook/cmake_prefix_path.sh'
[4.845s] Level 1:colcon.colcon_core.environment:checking '/home/ubuntu/dev_ws/src/slam-bot/install/slam_bot/bin'
[4.846s] Level 1:colcon.colcon_core.environment:checking '/home/ubuntu/dev_ws/src/slam-bot/install/slam_bot/lib/pkgconfig/slam_bot.pc'
[4.847s] Level 1:colcon.colcon_core.environment:checking '/home/ubuntu/dev_ws/src/slam-bot/install/slam_bot/lib/python3.8/site-packages'
[4.847s] Level 1:colcon.colcon_core.environment:checking '/home/ubuntu/dev_ws/src/slam-bot/install/slam_bot/bin'
[4.848s] INFO:colcon.colcon_core.shell:Creating package script '/home/ubuntu/dev_ws/src/slam-bot/install/slam_bot/share/slam_bot/package.ps1'
[4.851s] INFO:colcon.colcon_core.shell:Creating package descriptor '/home/ubuntu/dev_ws/src/slam-bot/install/slam_bot/share/slam_bot/package.dsv'
[4.854s] INFO:colcon.colcon_core.shell:Creating package script '/home/ubuntu/dev_ws/src/slam-bot/install/slam_bot/share/slam_bot/package.sh'
[4.856s] INFO:colcon.colcon_core.shell:Creating package script '/home/ubuntu/dev_ws/src/slam-bot/install/slam_bot/share/slam_bot/package.bash'
[4.858s] INFO:colcon.colcon_core.shell:Creating package script '/home/ubuntu/dev_ws/src/slam-bot/install/slam_bot/share/slam_bot/package.zsh'
[4.860s] Level 1:colcon.colcon_core.environment:create_file_with_runtime_dependencies(/home/ubuntu/dev_ws/src/slam-bot/install/slam_bot/share/colcon-core/packages/slam_bot)
[4.861s] DEBUG:colcon.colcon_parallel_executor.executor.parallel:closing loop
[4.862s] DEBUG:colcon.colcon_parallel_executor.executor.parallel:loop closed
[4.863s] DEBUG:colcon.colcon_parallel_executor.executor.parallel:run_until_complete finished with '0'
[4.863s] DEBUG:colcon.colcon_core.event_reactor:joining thread
[4.887s] INFO:colcon.colcon_core.plugin_system:Skipping extension 'colcon_notification.desktop_notification.terminal_notifier': Not used on non-Darwin systems
[4.892s] INFO:colcon.colcon_core.plugin_system:Skipping extension 'colcon_notification.desktop_notification.win32': Not used on non-Windows systems
[4.893s] INFO:colcon.colcon_notification.desktop_notification:Sending desktop notification using 'notify2'
[4.897s] DEBUG:colcon.colcon_notification.desktop_notification.notify2:Failed to initialize notify2: org.freedesktop.DBus.Error.ServiceUnknown: The name org.freedesktop.Notifications was not provided by any .service files
[4.897s] DEBUG:colcon.colcon_core.event_reactor:joined thread
[4.899s] INFO:colcon.colcon_core.shell:Creating prefix script '/home/ubuntu/dev_ws/src/slam-bot/install/local_setup.ps1'
[4.904s] INFO:colcon.colcon_core.shell:Creating prefix util module '/home/ubuntu/dev_ws/src/slam-bot/install/_local_setup_util_ps1.py'
[4.911s] INFO:colcon.colcon_core.shell:Creating prefix chain script '/home/ubuntu/dev_ws/src/slam-bot/install/setup.ps1'
[4.915s] INFO:colcon.colcon_core.shell:Creating prefix script '/home/ubuntu/dev_ws/src/slam-bot/install/local_setup.sh'
[4.918s] INFO:colcon.colcon_core.shell:Creating prefix util module '/home/ubuntu/dev_ws/src/slam-bot/install/_local_setup_util_sh.py'
[4.920s] INFO:colcon.colcon_core.shell:Creating prefix chain script '/home/ubuntu/dev_ws/src/slam-bot/install/setup.sh'
[4.924s] INFO:colcon.colcon_core.shell:Creating prefix script '/home/ubuntu/dev_ws/src/slam-bot/install/local_setup.bash'
[4.926s] INFO:colcon.colcon_core.shell:Creating prefix chain script '/home/ubuntu/dev_ws/src/slam-bot/install/setup.bash'
[4.930s] INFO:colcon.colcon_core.shell:Creating prefix script '/home/ubuntu/dev_ws/src/slam-bot/install/local_setup.zsh'
[4.932s] INFO:colcon.colcon_core.shell:Creating prefix chain script '/home/ubuntu/dev_ws/src/slam-bot/install/setup.zsh'
